TN:
SF:app.ts
FN:52,checkSignIn
FN:67,(anonymous_2)
FN:72,(anonymous_3)
FNF:3
FNH:0
FNDA:0,checkSignIn
FNDA:0,(anonymous_2)
FNDA:0,(anonymous_3)
DA:1,1
DA:2,1
DA:3,1
DA:4,1
DA:5,1
DA:7,1
DA:8,1
DA:9,1
DA:10,1
DA:11,1
DA:12,1
DA:13,1
DA:14,1
DA:15,1
DA:17,1
DA:18,1
DA:24,1
DA:27,1
DA:29,1
DA:32,1
DA:33,1
DA:35,1
DA:36,1
DA:37,1
DA:38,1
DA:39,1
DA:40,1
DA:41,1
DA:51,1
DA:52,1
DA:53,0
DA:54,0
DA:55,0
DA:57,0
DA:58,0
DA:59,0
DA:62,1
DA:63,1
DA:64,1
DA:67,1
DA:68,0
DA:72,1
DA:74,0
DA:75,0
DA:78,0
DA:80,0
DA:83,1
LF:47
LH:36
BRDA:24,0,0,1
BRDA:24,0,1,0
BRDA:54,1,0,0
BRDA:54,1,1,0
BRDA:75,2,0,0
BRDA:75,2,1,0
BRDA:78,3,0,0
BRDA:78,3,1,0
BRF:8
BRH:1
end_of_record
TN:
SF:models/post.ts
FNF:0
FNH:0
DA:1,1
DA:3,1
DA:12,1
DA:25,1
LF:4
LH:4
BRF:0
BRH:0
end_of_record
TN:
SF:models/room.ts
FNF:0
FNH:0
DA:1,1
DA:3,1
DA:10,1
DA:15,1
LF:4
LH:4
BRF:0
BRH:0
end_of_record
TN:
SF:models/user.ts
FNF:0
FNH:0
DA:1,1
DA:3,1
DA:16,1
LF:3
LH:3
BRF:0
BRH:0
end_of_record
TN:
SF:routes/auth.ts
FN:15,(anonymous_1)
FN:16,(anonymous_2)
FN:21,(anonymous_3)
FN:25,(anonymous_4)
FN:37,(anonymous_5)
FN:38,(anonymous_6)
FN:47,(anonymous_7)
FN:55,(anonymous_8)
FN:56,(anonymous_9)
FNF:9
FNH:7
FNDA:1,(anonymous_1)
FNDA:1,(anonymous_2)
FNDA:0,(anonymous_3)
FNDA:0,(anonymous_4)
FNDA:1,(anonymous_5)
FNDA:1,(anonymous_6)
FNDA:1,(anonymous_7)
FNDA:1,(anonymous_8)
FNDA:1,(anonymous_9)
DA:1,1
DA:3,1
DA:4,1
DA:8,1
DA:15,1
DA:16,1
DA:17,1
DA:18,1
DA:20,0
DA:21,0
DA:22,0
DA:24,0
DA:25,0
DA:26,0
DA:27,0
DA:31,0
DA:37,1
DA:38,1
DA:39,1
DA:40,0
DA:42,1
DA:43,0
DA:45,1
DA:48,1
DA:49,0
DA:51,1
DA:52,0
DA:54,1
DA:55,1
DA:56,1
DA:57,1
DA:65,1
DA:66,1
DA:76,1
LF:34
LH:22
BRDA:17,0,0,1
BRDA:17,0,1,0
BRDA:20,1,0,0
BRDA:20,1,1,0
BRDA:20,2,0,0
BRDA:20,2,1,0
BRDA:22,3,0,0
BRDA:26,4,0,0
BRDA:39,5,0,0
BRDA:42,6,0,0
BRDA:42,6,1,1
BRDA:48,7,0,0
BRDA:51,8,0,0
BRDA:51,8,1,1
BRDA:62,9,0,0
BRDA:62,9,1,1
BRDA:63,10,0,0
BRDA:63,10,1,1
BRF:18
BRH:5
end_of_record
TN:
SF:routes/messages.ts
FN:9,(anonymous_1)
FN:17,(anonymous_2)
FN:27,(anonymous_3)
FN:35,(anonymous_4)
FN:43,(anonymous_5)
FN:54,(anonymous_6)
FN:57,(anonymous_7)
FN:65,(anonymous_8)
FN:70,(anonymous_9)
FN:75,(anonymous_10)
FN:90,(anonymous_11)
FN:91,(anonymous_12)
FN:102,(anonymous_13)
FN:121,(anonymous_14)
FN:124,(anonymous_15)
FN:129,(anonymous_16)
FNF:16
FNH:0
FNDA:0,(anonymous_1)
FNDA:0,(anonymous_2)
FNDA:0,(anonymous_3)
FNDA:0,(anonymous_4)
FNDA:0,(anonymous_5)
FNDA:0,(anonymous_6)
FNDA:0,(anonymous_7)
FNDA:0,(anonymous_8)
FNDA:0,(anonymous_9)
FNDA:0,(anonymous_10)
FNDA:0,(anonymous_11)
FNDA:0,(anonymous_12)
FNDA:0,(anonymous_13)
FNDA:0,(anonymous_14)
FNDA:0,(anonymous_15)
FNDA:0,(anonymous_16)
DA:1,1
DA:2,1
DA:3,1
DA:4,1
DA:5,1
DA:7,1
DA:9,1
DA:10,0
DA:18,0
DA:19,0
DA:21,0
DA:22,0
DA:24,0
DA:27,0
DA:28,0
DA:35,1
DA:36,0
DA:44,0
DA:45,0
DA:47,0
DA:48,0
DA:54,1
DA:55,0
DA:58,0
DA:59,0
DA:61,0
DA:62,0
DA:63,0
DA:64,0
DA:65,0
DA:68,0
DA:71,0
DA:72,0
DA:74,0
DA:75,0
DA:76,0
DA:82,0
DA:90,1
DA:91,0
DA:92,0
DA:93,0
DA:99,0
DA:103,0
DA:104,0
DA:106,0
DA:113,1
DA:114,1
DA:121,1
DA:124,0
DA:125,0
DA:126,0
DA:129,0
DA:131,0
DA:135,1
DA:137,1
LF:55
LH:15
BRDA:18,0,0,0
BRDA:21,1,0,0
BRDA:21,1,1,0
BRDA:44,2,0,0
BRDA:47,3,0,0
BRDA:58,4,0,0
BRDA:61,5,0,0
BRDA:71,6,0,0
BRDA:103,7,0,0
BRDA:103,7,1,0
BRF:10
BRH:0
end_of_record
TN:
SF:routes/posts.ts
FN:10,(anonymous_8)
FN:13,(anonymous_9)
FN:21,(anonymous_10)
FN:24,(anonymous_11)
FN:39,(anonymous_12)
FN:48,(anonymous_13)
FN:49,(anonymous_14)
FN:53,(anonymous_15)
FN:61,(anonymous_16)
FN:62,(anonymous_17)
FN:71,(anonymous_18)
FN:74,(anonymous_19)
FN:84,(anonymous_20)
FN:85,(anonymous_21)
FN:94,(anonymous_22)
FN:95,(anonymous_23)
FN:103,(anonymous_24)
FN:113,(anonymous_25)
FN:114,(anonymous_26)
FN:119,(anonymous_27)
FN:120,(anonymous_28)
FN:121,(anonymous_29)
FN:141,(anonymous_30)
FN:144,(anonymous_31)
FN:147,(anonymous_32)
FN:154,(anonymous_33)
FN:155,(anonymous_34)
FN:166,(anonymous_35)
FN:176,(anonymous_36)
FN:177,(anonymous_37)
FN:185,(anonymous_38)
FN:195,(anonymous_39)
FN:196,(anonymous_40)
FN:201,(anonymous_41)
FN:202,(anonymous_42)
FN:203,(anonymous_43)
FN:223,(anonymous_44)
FN:226,(anonymous_45)
FN:229,(anonymous_46)
FN:236,(anonymous_47)
FN:237,(anonymous_48)
FN:248,(anonymous_49)
FN:261,(anonymous_50)
FN:264,(anonymous_51)
FN:269,(anonymous_52)
FN:270,(anonymous_53)
FN:288,(anonymous_54)
FN:299,(anonymous_55)
FN:300,(anonymous_56)
FN:312,(anonymous_57)
FN:323,(anonymous_58)
FN:329,(anonymous_59)
FN:335,(anonymous_60)
FN:336,(anonymous_62)
FN:337,(anonymous_63)
FN:347,(anonymous_64)
FN:356,(anonymous_65)
FN:367,(anonymous_66)
FN:368,(anonymous_67)
FN:379,(anonymous_68)
FN:390,(anonymous_69)
FN:405,(anonymous_70)
FN:406,(anonymous_71)
FNF:63
FNH:0
FNDA:0,(anonymous_8)
FNDA:0,(anonymous_9)
FNDA:0,(anonymous_10)
FNDA:0,(anonymous_11)
FNDA:0,(anonymous_12)
FNDA:0,(anonymous_13)
FNDA:0,(anonymous_14)
FNDA:0,(anonymous_15)
FNDA:0,(anonymous_16)
FNDA:0,(anonymous_17)
FNDA:0,(anonymous_18)
FNDA:0,(anonymous_19)
FNDA:0,(anonymous_20)
FNDA:0,(anonymous_21)
FNDA:0,(anonymous_22)
FNDA:0,(anonymous_23)
FNDA:0,(anonymous_24)
FNDA:0,(anonymous_25)
FNDA:0,(anonymous_26)
FNDA:0,(anonymous_27)
FNDA:0,(anonymous_28)
FNDA:0,(anonymous_29)
FNDA:0,(anonymous_30)
FNDA:0,(anonymous_31)
FNDA:0,(anonymous_32)
FNDA:0,(anonymous_33)
FNDA:0,(anonymous_34)
FNDA:0,(anonymous_35)
FNDA:0,(anonymous_36)
FNDA:0,(anonymous_37)
FNDA:0,(anonymous_38)
FNDA:0,(anonymous_39)
FNDA:0,(anonymous_40)
FNDA:0,(anonymous_41)
FNDA:0,(anonymous_42)
FNDA:0,(anonymous_43)
FNDA:0,(anonymous_44)
FNDA:0,(anonymous_45)
FNDA:0,(anonymous_46)
FNDA:0,(anonymous_47)
FNDA:0,(anonymous_48)
FNDA:0,(anonymous_49)
FNDA:0,(anonymous_50)
FNDA:0,(anonymous_51)
FNDA:0,(anonymous_52)
FNDA:0,(anonymous_53)
FNDA:0,(anonymous_54)
FNDA:0,(anonymous_55)
FNDA:0,(anonymous_56)
FNDA:0,(anonymous_57)
FNDA:0,(anonymous_58)
FNDA:0,(anonymous_59)
FNDA:0,(anonymous_60)
FNDA:0,(anonymous_62)
FNDA:0,(anonymous_63)
FNDA:0,(anonymous_64)
FNDA:0,(anonymous_65)
FNDA:0,(anonymous_66)
FNDA:0,(anonymous_67)
FNDA:0,(anonymous_68)
FNDA:0,(anonymous_69)
FNDA:0,(anonymous_70)
FNDA:0,(anonymous_71)
DA:1,1
DA:2,1
DA:3,1
DA:4,1
DA:5,1
DA:7,1
DA:9,1
DA:11,0
DA:14,0
DA:15,0
DA:19,1
DA:21,1
DA:22,0
DA:23,0
DA:24,0
DA:25,0
DA:27,0
DA:28,0
DA:39,0
DA:40,0
DA:41,0
DA:43,0
DA:48,1
DA:49,0
DA:50,0
DA:51,0
DA:53,0
DA:54,0
DA:56,0
DA:61,1
DA:62,0
DA:63,0
DA:64,0
DA:66,0
DA:71,1
DA:72,0
DA:75,0
DA:76,0
DA:78,0
DA:84,1
DA:85,0
DA:86,0
DA:87,0
DA:89,0
DA:94,1
DA:95,0
DA:96,0
DA:97,0
DA:99,0
DA:100,0
DA:104,0
DA:105,0
DA:109,0
DA:113,1
DA:114,0
DA:115,0
DA:116,0
DA:119,0
DA:120,0
DA:121,0
DA:122,0
DA:123,0
DA:125,0
DA:126,0
DA:128,0
DA:141,0
DA:143,0
DA:145,0
DA:148,0
DA:154,1
DA:155,0
DA:156,0
DA:157,0
DA:159,0
DA:160,0
DA:161,0
DA:163,0
DA:167,0
DA:168,0
DA:172,0
DA:176,1
DA:177,0
DA:178,0
DA:179,0
DA:181,0
DA:182,0
DA:186,0
DA:187,0
DA:191,0
DA:195,1
DA:196,0
DA:197,0
DA:198,0
DA:201,0
DA:202,0
DA:203,0
DA:204,0
DA:205,0
DA:207,0
DA:208,0
DA:210,0
DA:223,0
DA:225,0
DA:227,0
DA:230,0
DA:236,1
DA:237,0
DA:238,0
DA:239,0
DA:241,0
DA:242,0
DA:243,0
DA:245,0
DA:249,0
DA:250,0
DA:254,0
DA:261,1
DA:262,0
DA:263,0
DA:264,0
DA:265,0
DA:267,0
DA:269,0
DA:270,0
DA:271,0
DA:272,0
DA:274,0
DA:275,0
DA:285,0
DA:289,0
DA:290,0
DA:292,0
DA:293,0
DA:299,0
DA:300,0
DA:301,0
DA:302,0
DA:304,0
DA:305,0
DA:306,0
DA:308,0
DA:309,0
DA:313,0
DA:314,0
DA:316,0
DA:322,0
DA:324,0
DA:330,0
DA:335,1
DA:336,0
DA:337,0
DA:338,0
DA:339,0
DA:341,0
DA:342,0
DA:346,0
DA:347,0
DA:348,0
DA:350,0
DA:353,0
DA:357,0
DA:358,0
DA:360,0
DA:367,0
DA:368,0
DA:369,0
DA:370,0
DA:371,0
DA:372,0
DA:376,0
DA:379,0
DA:380,0
DA:381,0
DA:383,0
DA:387,0
DA:391,0
DA:392,0
DA:394,0
DA:395,0
DA:404,0
DA:405,0
DA:407,0
DA:412,1
LF:183
LH:22
BRDA:40,0,0,0
BRDA:40,0,1,0
BRDA:50,1,0,0
BRDA:50,1,1,0
BRDA:63,2,0,0
BRDA:63,2,1,0
BRDA:75,3,0,0
BRDA:75,3,1,0
BRDA:86,4,0,0
BRDA:86,4,1,0
BRDA:96,5,0,0
BRDA:104,6,0,0
BRDA:115,7,0,0
BRDA:122,8,0,0
BRDA:125,9,0,0
BRDA:125,9,1,0
BRDA:156,10,0,0
BRDA:160,11,0,0
BRDA:167,12,0,0
BRDA:178,13,0,0
BRDA:186,14,0,0
BRDA:197,15,0,0
BRDA:204,16,0,0
BRDA:207,17,0,0
BRDA:207,17,1,0
BRDA:238,18,0,0
BRDA:242,19,0,0
BRDA:249,20,0,0
BRDA:271,21,0,0
BRDA:289,22,0,0
BRDA:301,23,0,0
BRDA:304,24,0,0
BRDA:313,25,0,0
BRDA:338,26,0,0
BRDA:338,26,1,0
BRDA:342,27,0,0
BRDA:343,28,0,0
BRDA:343,28,1,0
BRDA:357,29,0,0
BRDA:370,30,0,0
BRDA:380,31,0,0
BRDA:391,32,0,0
BRF:42
BRH:0
end_of_record
TN:
SF:routes/users.ts
FN:10,(anonymous_1)
FN:13,(anonymous_2)
FN:21,(anonymous_3)
FN:22,(anonymous_4)
FN:23,(anonymous_5)
FN:32,(anonymous_6)
FN:49,(anonymous_7)
FN:59,(anonymous_8)
FN:60,(anonymous_9)
FN:65,(anonymous_10)
FN:76,(anonymous_11)
FN:86,(anonymous_12)
FN:87,(anonymous_13)
FN:88,(anonymous_14)
FN:90,(anonymous_15)
FN:91,(anonymous_16)
FN:92,(anonymous_17)
FN:108,(anonymous_18)
FN:126,(anonymous_19)
FN:137,(anonymous_20)
FN:139,(anonymous_21)
FN:142,(anonymous_22)
FN:153,(anonymous_23)
FN:167,(anonymous_24)
FN:173,(anonymous_25)
FN:174,(anonymous_26)
FN:179,(anonymous_27)
FNF:27
FNH:0
FNDA:0,(anonymous_1)
FNDA:0,(anonymous_2)
FNDA:0,(anonymous_3)
FNDA:0,(anonymous_4)
FNDA:0,(anonymous_5)
FNDA:0,(anonymous_6)
FNDA:0,(anonymous_7)
FNDA:0,(anonymous_8)
FNDA:0,(anonymous_9)
FNDA:0,(anonymous_10)
FNDA:0,(anonymous_11)
FNDA:0,(anonymous_12)
FNDA:0,(anonymous_13)
FNDA:0,(anonymous_14)
FNDA:0,(anonymous_15)
FNDA:0,(anonymous_16)
FNDA:0,(anonymous_17)
FNDA:0,(anonymous_18)
FNDA:0,(anonymous_19)
FNDA:0,(anonymous_20)
FNDA:0,(anonymous_21)
FNDA:0,(anonymous_22)
FNDA:0,(anonymous_23)
FNDA:0,(anonymous_24)
FNDA:0,(anonymous_25)
FNDA:0,(anonymous_26)
FNDA:0,(anonymous_27)
DA:1,1
DA:2,1
DA:3,1
DA:4,1
DA:5,1
DA:7,1
DA:9,1
DA:11,0
DA:14,0
DA:15,0
DA:19,1
DA:21,1
DA:22,0
DA:23,0
DA:24,0
DA:25,0
DA:33,0
DA:34,0
DA:36,0
DA:37,0
DA:39,0
DA:43,0
DA:50,0
DA:51,0
DA:53,0
DA:59,0
DA:60,0
DA:61,0
DA:62,0
DA:66,0
DA:67,0
DA:69,0
DA:73,0
DA:77,0
DA:78,0
DA:80,0
DA:86,0
DA:87,0
DA:88,0
DA:89,0
DA:90,0
DA:91,0
DA:92,0
DA:93,0
DA:94,0
DA:96,0
DA:97,0
DA:98,0
DA:99,0
DA:100,0
DA:101,0
DA:105,0
DA:109,0
DA:110,0
DA:112,0
DA:117,0
DA:121,0
DA:127,0
DA:128,0
DA:130,0
DA:137,0
DA:138,0
DA:140,0
DA:143,0
DA:147,0
DA:152,0
DA:154,0
DA:155,0
DA:161,0
DA:168,0
DA:173,1
DA:174,0
DA:175,0
DA:176,0
DA:178,0
DA:179,0
DA:180,0
DA:186,0
DA:190,1
LF:79
LH:11
BRDA:24,0,0,0
BRDA:24,0,1,0
BRDA:33,1,0,0
BRDA:36,2,0,0
BRDA:50,3,0,0
BRDA:61,4,0,0
BRDA:61,4,1,0
BRDA:64,5,0,0
BRDA:64,5,1,0
BRDA:66,6,0,0
BRDA:77,7,0,0
BRDA:89,8,0,0
BRDA:89,8,1,0
BRDA:93,9,0,0
BRDA:96,10,0,0
BRDA:96,10,1,0
BRDA:98,11,0,0
BRDA:100,12,0,0
BRDA:109,13,0,0
BRDA:127,14,0,0
BRDA:154,15,0,0
BRDA:154,15,1,0
BRDA:175,16,0,0
BRF:23
BRH:0
end_of_record
